{
  "stats": {
    "suites": 1,
    "tests": 2,
    "passes": 2,
    "pending": 0,
    "failures": 0,
    "start": "2020-04-11T14:57:45.748Z",
    "end": "2020-04-11T14:58:08.296Z",
    "duration": 22548,
    "testsRegistered": 2,
    "passPercent": 100,
    "pendingPercent": 0,
    "other": 0,
    "hasOther": false,
    "skipped": 0,
    "hasSkipped": false
  },
  "results": [
    {
      "uuid": "69aaf17d-6d36-477b-8e13-10aee1e7f35a",
      "title": "",
      "fullFile": "cypress\\integration\\letsShare\\signup\\loginpage.spec.js",
      "file": "cypress\\integration\\letsShare\\signup\\loginpage.spec.js",
      "beforeHooks": [],
      "afterHooks": [],
      "tests": [],
      "suites": [
        {
          "uuid": "336bfdf2-48e4-47b8-b838-4eb19769086c",
          "title": "Sign Up -Test Suite",
          "fullFile": "",
          "file": "",
          "beforeHooks": [],
          "afterHooks": [],
          "tests": [
            {
              "title": "Login into the application with valid crediential",
              "fullTitle": "Sign Up -Test Suite Login into the application with valid crediential",
              "timedOut": null,
              "duration": 15233,
              "state": "passed",
              "speed": "slow",
              "pass": true,
              "fail": false,
              "pending": false,
              "context": null,
              "code": "loginPage.enterUserNamePassword(this.data001.userName, this.data001.passWord);\nloginPage.verifyHomePageText(this.data001.homepageheadertext);\nloginPage.clickLogout();",
              "err": {},
              "uuid": "1f157aa4-4cd3-47e2-b4b7-8c4072f7241f",
              "parentUUID": "336bfdf2-48e4-47b8-b838-4eb19769086c",
              "isHook": false,
              "skipped": false
            },
            {
              "title": "Login into the application with Invalid crediential",
              "fullTitle": "Sign Up -Test Suite Login into the application with Invalid crediential",
              "timedOut": null,
              "duration": 2855,
              "state": "passed",
              "speed": "slow",
              "pass": true,
              "fail": false,
              "pending": false,
              "context": null,
              "code": "loginPage.enterUserNamePassword(this.data002.userName, this.data002.passWord);\nloginPage.verifyHomePageText(this.data002.invalidusernamepasswordtext);",
              "err": {},
              "uuid": "fba446b6-e0f0-42d8-a64b-1f14254dd624",
              "parentUUID": "336bfdf2-48e4-47b8-b838-4eb19769086c",
              "isHook": false,
              "skipped": false
            }
          ],
          "suites": [],
          "passes": [
            "1f157aa4-4cd3-47e2-b4b7-8c4072f7241f",
            "fba446b6-e0f0-42d8-a64b-1f14254dd624"
          ],
          "failures": [],
          "pending": [],
          "skipped": [],
          "duration": 18088,
          "root": false,
          "rootEmpty": false,
          "_timeout": 2000
        }
      ],
      "passes": [],
      "failures": [],
      "pending": [],
      "skipped": [],
      "duration": 0,
      "root": true,
      "rootEmpty": true,
      "_timeout": 2000
    }
  ],
  "meta": {
    "mocha": {
      "version": "5.2.0"
    },
    "mochawesome": {
      "options": {
        "quiet": false,
        "reportFilename": "mochawesome",
        "saveHtml": false,
        "saveJson": true,
        "consoleReporter": "spec",
        "useInlineDiffs": false
      },
      "version": "4.1.0"
    },
    "marge": {
      "options": {
        "reportDir": "cypress/reports/mocha",
        "overwrite": false,
        "html": false,
        "json": true,
        "timestamp": "mmddyyy_HHMMss"
      },
      "version": "4.1.0"
    }
  }
}