{
  "stats": {
    "suites": 1,
    "tests": 2,
    "passes": 2,
    "pending": 0,
    "failures": 0,
    "start": "2020-04-10T14:14:41.242Z",
    "end": "2020-04-10T14:15:07.580Z",
    "duration": 26338,
    "testsRegistered": 2,
    "passPercent": 100,
    "pendingPercent": 0,
    "other": 0,
    "hasOther": false,
    "skipped": 0,
    "hasSkipped": false
  },
  "results": [
    {
      "uuid": "761f265c-ed57-486c-81c8-f8e3a15196eb",
      "title": "",
      "fullFile": "cypress\\integration\\letsShare\\askQuestion\\loginpage.spec3.js",
      "file": "cypress\\integration\\letsShare\\askQuestion\\loginpage.spec3.js",
      "beforeHooks": [],
      "afterHooks": [],
      "tests": [],
      "suites": [
        {
          "uuid": "39378e47-6f1d-4036-99ec-73d21d0b8759",
          "title": "Ask Question-Test Suite",
          "fullFile": "",
          "file": "",
          "beforeHooks": [],
          "afterHooks": [],
          "tests": [
            {
              "title": "Ask Question into the application with valid crediential",
              "fullTitle": "Ask Question-Test Suite Ask Question into the application with valid crediential",
              "timedOut": null,
              "duration": 17150,
              "state": "passed",
              "speed": "slow",
              "pass": true,
              "fail": false,
              "pending": false,
              "context": null,
              "code": "loginPage.enetURL();\nloginPage.enterUserNamePassword(this.data001.userName, this.data001.passWord);\nloginPage.verifyHomePageText(this.data001.homepageheadertext);\nloginPage.clickLogout();",
              "err": {},
              "uuid": "f0cf98a0-6677-43c2-8318-9f01125f6118",
              "parentUUID": "39378e47-6f1d-4036-99ec-73d21d0b8759",
              "isHook": false,
              "skipped": false
            },
            {
              "title": "Ask Question into the application with Invalid crediential",
              "fullTitle": "Ask Question-Test Suite Ask Question into the application with Invalid crediential",
              "timedOut": null,
              "duration": 3485,
              "state": "passed",
              "speed": "slow",
              "pass": true,
              "fail": false,
              "pending": false,
              "context": null,
              "code": "loginPage.enetURL();\nloginPage.enterUserNamePassword(this.data002.userName, this.data002.passWord);\nloginPage.verifyHomePageText(this.data002.invalidusernamepasswordtext);",
              "err": {},
              "uuid": "c8f916b2-59cf-4ad8-a62c-ded028296d7d",
              "parentUUID": "39378e47-6f1d-4036-99ec-73d21d0b8759",
              "isHook": false,
              "skipped": false
            }
          ],
          "suites": [],
          "passes": [
            "f0cf98a0-6677-43c2-8318-9f01125f6118",
            "c8f916b2-59cf-4ad8-a62c-ded028296d7d"
          ],
          "failures": [],
          "pending": [],
          "skipped": [],
          "duration": 20635,
          "root": false,
          "rootEmpty": false,
          "_timeout": 2000
        }
      ],
      "passes": [],
      "failures": [],
      "pending": [],
      "skipped": [],
      "duration": 0,
      "root": true,
      "rootEmpty": true,
      "_timeout": 2000
    }
  ],
  "meta": {
    "mocha": {
      "version": "5.2.0"
    },
    "mochawesome": {
      "options": {
        "quiet": false,
        "reportFilename": "mochawesome",
        "saveHtml": false,
        "saveJson": true,
        "consoleReporter": "spec",
        "useInlineDiffs": false
      },
      "version": "4.1.0"
    },
    "marge": {
      "options": {
        "reportDir": "cypress/reports/mocha",
        "overwrite": false,
        "html": false,
        "json": true,
        "timestamp": "mmddyyy_HHMMss"
      },
      "version": "4.1.0"
    }
  }
}