{
  "stats": {
    "suites": 1,
    "tests": 2,
    "passes": 2,
    "pending": 0,
    "failures": 0,
    "start": "2020-04-10T10:16:56.589Z",
    "end": "2020-04-10T10:17:09.198Z",
    "duration": 12609,
    "testsRegistered": 2,
    "passPercent": 100,
    "pendingPercent": 0,
    "other": 0,
    "hasOther": false,
    "skipped": 0,
    "hasSkipped": false
  },
  "results": [
    {
      "uuid": "6cc468c5-27e4-43e9-89e3-04a79bda0ec5",
      "title": "",
      "fullFile": "cypress\\integration\\letsShare\\login\\loginpage.spec.js",
      "file": "cypress\\integration\\letsShare\\login\\loginpage.spec.js",
      "beforeHooks": [],
      "afterHooks": [],
      "tests": [],
      "suites": [
        {
          "uuid": "4613465c-7d7c-4532-be30-4d372f54c733",
          "title": "Sign up Test Suite",
          "fullFile": "",
          "file": "",
          "beforeHooks": [],
          "afterHooks": [],
          "tests": [
            {
              "title": "Login into the application with valid crediential",
              "fullTitle": "Sign up Test Suite Login into the application with valid crediential",
              "timedOut": null,
              "duration": 6683,
              "state": "passed",
              "speed": "slow",
              "pass": true,
              "fail": false,
              "pending": false,
              "context": null,
              "code": "loginPage.enetURL();\nloginPage.enterUserNamePassword(this.data001.userName, this.data001.passWord);\nloginPage.verifyHomePageText(this.data001.homepageheadertext);\nloginPage.clickLogout();",
              "err": {},
              "uuid": "96bc9914-a262-44de-9bbc-7d2a19a1c954",
              "parentUUID": "4613465c-7d7c-4532-be30-4d372f54c733",
              "isHook": false,
              "skipped": false
            },
            {
              "title": "Login into the application with Invalid crediential",
              "fullTitle": "Sign up Test Suite Login into the application with Invalid crediential",
              "timedOut": null,
              "duration": 2793,
              "state": "passed",
              "speed": "slow",
              "pass": true,
              "fail": false,
              "pending": false,
              "context": null,
              "code": "loginPage.enetURL();\nloginPage.enterUserNamePassword(this.data002.userName, this.data002.passWord);\nloginPage.verifyHomePageText(this.data002.invalidusernamepasswordtext);",
              "err": {},
              "uuid": "bf29aaa9-3a8b-438d-a883-8b26c6030aaf",
              "parentUUID": "4613465c-7d7c-4532-be30-4d372f54c733",
              "isHook": false,
              "skipped": false
            }
          ],
          "suites": [],
          "passes": [
            "96bc9914-a262-44de-9bbc-7d2a19a1c954",
            "bf29aaa9-3a8b-438d-a883-8b26c6030aaf"
          ],
          "failures": [],
          "pending": [],
          "skipped": [],
          "duration": 9476,
          "root": false,
          "rootEmpty": false,
          "_timeout": 2000
        }
      ],
      "passes": [],
      "failures": [],
      "pending": [],
      "skipped": [],
      "duration": 0,
      "root": true,
      "rootEmpty": true,
      "_timeout": 2000
    }
  ],
  "meta": {
    "mocha": {
      "version": "5.2.0"
    },
    "mochawesome": {
      "options": {
        "quiet": false,
        "reportFilename": "mochawesome",
        "saveHtml": false,
        "saveJson": true,
        "consoleReporter": "spec",
        "useInlineDiffs": false
      },
      "version": "4.1.0"
    },
    "marge": {
      "options": {
        "reportDir": "cypress/reports/mocha",
        "overwrite": false,
        "html": false,
        "json": true,
        "timestamp": "mmddyyy_HHMMss"
      },
      "version": "4.1.0"
    }
  }
}