{
  "stats": {
    "suites": 1,
    "tests": 2,
    "passes": 2,
    "pending": 0,
    "failures": 0,
    "start": "2020-04-10T14:15:59.255Z",
    "end": "2020-04-10T14:16:24.644Z",
    "duration": 25389,
    "testsRegistered": 2,
    "passPercent": 100,
    "pendingPercent": 0,
    "other": 0,
    "hasOther": false,
    "skipped": 0,
    "hasSkipped": false
  },
  "results": [
    {
      "uuid": "1f6f46d9-1fd1-4fb1-bc29-a02a53a9c4a8",
      "title": "",
      "fullFile": "cypress\\integration\\letsShare\\signup\\loginpage.spec.js",
      "file": "cypress\\integration\\letsShare\\signup\\loginpage.spec.js",
      "beforeHooks": [],
      "afterHooks": [],
      "tests": [],
      "suites": [
        {
          "uuid": "6bb9b16e-e659-4cd7-af59-db1a716438c6",
          "title": "Sign Up -Test Suite",
          "fullFile": "",
          "file": "",
          "beforeHooks": [],
          "afterHooks": [],
          "tests": [
            {
              "title": "Login into the application with valid crediential",
              "fullTitle": "Sign Up -Test Suite Login into the application with valid crediential",
              "timedOut": null,
              "duration": 18167,
              "state": "passed",
              "speed": "slow",
              "pass": true,
              "fail": false,
              "pending": false,
              "context": null,
              "code": "loginPage.enetURL();\nloginPage.enterUserNamePassword(this.data001.userName, this.data001.passWord);\nloginPage.verifyHomePageText(this.data001.homepageheadertext);\nloginPage.clickLogout();",
              "err": {},
              "uuid": "17b95435-cf4b-475c-ab19-dd306257ef3a",
              "parentUUID": "6bb9b16e-e659-4cd7-af59-db1a716438c6",
              "isHook": false,
              "skipped": false
            },
            {
              "title": "Login into the application with Invalid crediential",
              "fullTitle": "Sign Up -Test Suite Login into the application with Invalid crediential",
              "timedOut": null,
              "duration": 2719,
              "state": "passed",
              "speed": "slow",
              "pass": true,
              "fail": false,
              "pending": false,
              "context": null,
              "code": "loginPage.enetURL();\nloginPage.enterUserNamePassword(this.data002.userName, this.data002.passWord);\nloginPage.verifyHomePageText(this.data002.invalidusernamepasswordtext);",
              "err": {},
              "uuid": "149976d4-8088-46a4-b9df-18745b0620e9",
              "parentUUID": "6bb9b16e-e659-4cd7-af59-db1a716438c6",
              "isHook": false,
              "skipped": false
            }
          ],
          "suites": [],
          "passes": [
            "17b95435-cf4b-475c-ab19-dd306257ef3a",
            "149976d4-8088-46a4-b9df-18745b0620e9"
          ],
          "failures": [],
          "pending": [],
          "skipped": [],
          "duration": 20886,
          "root": false,
          "rootEmpty": false,
          "_timeout": 2000
        }
      ],
      "passes": [],
      "failures": [],
      "pending": [],
      "skipped": [],
      "duration": 0,
      "root": true,
      "rootEmpty": true,
      "_timeout": 2000
    }
  ],
  "meta": {
    "mocha": {
      "version": "5.2.0"
    },
    "mochawesome": {
      "options": {
        "quiet": false,
        "reportFilename": "mochawesome",
        "saveHtml": false,
        "saveJson": true,
        "consoleReporter": "spec",
        "useInlineDiffs": false
      },
      "version": "4.1.0"
    },
    "marge": {
      "options": {
        "reportDir": "cypress/reports/mocha",
        "overwrite": false,
        "html": false,
        "json": true,
        "timestamp": "mmddyyy_HHMMss"
      },
      "version": "4.1.0"
    }
  }
}