{
  "stats": {
    "suites": 1,
    "tests": 2,
    "passes": 2,
    "pending": 0,
    "failures": 0,
    "start": "2020-04-21T08:01:41.568Z",
    "end": "2020-04-21T08:01:51.002Z",
    "duration": 9434,
    "testsRegistered": 2,
    "passPercent": 100,
    "pendingPercent": 0,
    "other": 0,
    "hasOther": false,
    "skipped": 0,
    "hasSkipped": false
  },
  "results": [
    {
      "uuid": "97446a47-cbd0-4201-9b3e-4e18ac1a2d33",
      "title": "",
      "fullFile": "cypress\\integration\\letsShare\\signup\\loginpage.spec.js",
      "file": "cypress\\integration\\letsShare\\signup\\loginpage.spec.js",
      "beforeHooks": [],
      "afterHooks": [],
      "tests": [],
      "suites": [
        {
          "uuid": "86ceb273-8d7c-448c-9519-34f334c5aa4b",
          "title": "Sign Up -Test Suite",
          "fullFile": "",
          "file": "",
          "beforeHooks": [],
          "afterHooks": [],
          "tests": [
            {
              "title": "Login into the application with valid crediential",
              "fullTitle": "Sign Up -Test Suite Login into the application with valid crediential",
              "timedOut": null,
              "duration": 5656,
              "state": "passed",
              "speed": "slow",
              "pass": true,
              "fail": false,
              "pending": false,
              "context": null,
              "code": "loginPage.enterUserNamePassword(this.data001.userName, this.data001.passWord);\nloginPage.verifyHomePageText(this.data001.homepageheadertext);\nloginPage.clickLogout();",
              "err": {},
              "uuid": "2b45c4b0-5d4d-40ee-8797-4eb0049e76ed",
              "parentUUID": "86ceb273-8d7c-448c-9519-34f334c5aa4b",
              "isHook": false,
              "skipped": false
            },
            {
              "title": "Login into the application with Invalid crediential",
              "fullTitle": "Sign Up -Test Suite Login into the application with Invalid crediential",
              "timedOut": null,
              "duration": 1852,
              "state": "passed",
              "speed": "slow",
              "pass": true,
              "fail": false,
              "pending": false,
              "context": null,
              "code": "loginPage.enterUserNamePassword(this.data002.userName, this.data002.passWord);\nloginPage.verifyHomePageText(this.data002.invalidusernamepasswordtext);",
              "err": {},
              "uuid": "a2170a7d-5f42-4823-aaed-2f888fcf744b",
              "parentUUID": "86ceb273-8d7c-448c-9519-34f334c5aa4b",
              "isHook": false,
              "skipped": false
            }
          ],
          "suites": [],
          "passes": [
            "2b45c4b0-5d4d-40ee-8797-4eb0049e76ed",
            "a2170a7d-5f42-4823-aaed-2f888fcf744b"
          ],
          "failures": [],
          "pending": [],
          "skipped": [],
          "duration": 7508,
          "root": false,
          "rootEmpty": false,
          "_timeout": 2000
        }
      ],
      "passes": [],
      "failures": [],
      "pending": [],
      "skipped": [],
      "duration": 0,
      "root": true,
      "rootEmpty": true,
      "_timeout": 2000
    }
  ],
  "meta": {
    "mocha": {
      "version": "5.2.0"
    },
    "mochawesome": {
      "options": {
        "quiet": false,
        "reportFilename": "mochawesome",
        "saveHtml": false,
        "saveJson": true,
        "consoleReporter": "spec",
        "useInlineDiffs": false
      },
      "version": "4.1.0"
    },
    "marge": {
      "options": {
        "reportDir": "cypress/reports/mocha",
        "overwrite": false,
        "html": false,
        "json": true,
        "timestamp": "mmddyyy_HHMMss"
      },
      "version": "4.1.0"
    }
  }
}