{
  "stats": {
    "suites": 1,
    "tests": 2,
    "passes": 2,
    "pending": 0,
    "failures": 0,
    "start": "2020-04-13T07:48:39.387Z",
    "end": "2020-04-13T07:48:56.839Z",
    "duration": 17452,
    "testsRegistered": 2,
    "passPercent": 100,
    "pendingPercent": 0,
    "other": 0,
    "hasOther": false,
    "skipped": 0,
    "hasSkipped": false
  },
  "results": [
    {
      "uuid": "04aaaf60-0df4-4e2a-9399-b14b216599e4",
      "title": "",
      "fullFile": "cypress\\integration\\letsShare\\signup\\loginpage.spec.js",
      "file": "cypress\\integration\\letsShare\\signup\\loginpage.spec.js",
      "beforeHooks": [],
      "afterHooks": [],
      "tests": [],
      "suites": [
        {
          "uuid": "687254a2-54bb-40b2-835f-eea1495c8b61",
          "title": "Sign Up -Test Suite",
          "fullFile": "",
          "file": "",
          "beforeHooks": [],
          "afterHooks": [],
          "tests": [
            {
              "title": "Login into the application with valid crediential",
              "fullTitle": "Sign Up -Test Suite Login into the application with valid crediential",
              "timedOut": null,
              "duration": 12546,
              "state": "passed",
              "speed": "slow",
              "pass": true,
              "fail": false,
              "pending": false,
              "context": null,
              "code": "loginPage.enterUserNamePassword(this.data001.userName, this.data001.passWord);\nloginPage.verifyHomePageText(this.data001.homepageheadertext);\nloginPage.clickLogout();",
              "err": {},
              "uuid": "9bdcf5de-55cf-4d9e-bed9-17d3bb2d9dd0",
              "parentUUID": "687254a2-54bb-40b2-835f-eea1495c8b61",
              "isHook": false,
              "skipped": false
            },
            {
              "title": "Login into the application with Invalid crediential",
              "fullTitle": "Sign Up -Test Suite Login into the application with Invalid crediential",
              "timedOut": null,
              "duration": 2858,
              "state": "passed",
              "speed": "slow",
              "pass": true,
              "fail": false,
              "pending": false,
              "context": null,
              "code": "loginPage.enterUserNamePassword(this.data002.userName, this.data002.passWord);\nloginPage.verifyHomePageText(this.data002.invalidusernamepasswordtext);",
              "err": {},
              "uuid": "02073764-6006-4955-9647-5921a556c3af",
              "parentUUID": "687254a2-54bb-40b2-835f-eea1495c8b61",
              "isHook": false,
              "skipped": false
            }
          ],
          "suites": [],
          "passes": [
            "9bdcf5de-55cf-4d9e-bed9-17d3bb2d9dd0",
            "02073764-6006-4955-9647-5921a556c3af"
          ],
          "failures": [],
          "pending": [],
          "skipped": [],
          "duration": 15404,
          "root": false,
          "rootEmpty": false,
          "_timeout": 2000
        }
      ],
      "passes": [],
      "failures": [],
      "pending": [],
      "skipped": [],
      "duration": 0,
      "root": true,
      "rootEmpty": true,
      "_timeout": 2000
    }
  ],
  "meta": {
    "mocha": {
      "version": "5.2.0"
    },
    "mochawesome": {
      "options": {
        "quiet": false,
        "reportFilename": "mochawesome",
        "saveHtml": false,
        "saveJson": true,
        "consoleReporter": "spec",
        "useInlineDiffs": false
      },
      "version": "4.1.0"
    },
    "marge": {
      "options": {
        "reportDir": "cypress/reports/mocha",
        "overwrite": false,
        "html": false,
        "json": true,
        "timestamp": "mmddyyy_HHMMss"
      },
      "version": "4.1.0"
    }
  }
}