{
  "stats": {
    "suites": 1,
    "tests": 2,
    "passes": 2,
    "pending": 0,
    "failures": 0,
    "start": "2020-04-13T15:27:45.430Z",
    "end": "2020-04-13T15:28:37.004Z",
    "duration": 51574,
    "testsRegistered": 2,
    "passPercent": 100,
    "pendingPercent": 0,
    "other": 0,
    "hasOther": false,
    "skipped": 0,
    "hasSkipped": false
  },
  "results": [
    {
      "uuid": "dd37eb3c-ab77-4b0d-a7a5-707f58c94599",
      "title": "",
      "fullFile": "cypress\\integration\\letsShare\\askQuestion\\postQuestion.js",
      "file": "cypress\\integration\\letsShare\\askQuestion\\postQuestion.js",
      "beforeHooks": [],
      "afterHooks": [],
      "tests": [],
      "suites": [
        {
          "uuid": "b70a3ba2-de0e-4733-a98b-17c67323e283",
          "title": "Post Question",
          "fullFile": "",
          "file": "",
          "beforeHooks": [],
          "afterHooks": [],
          "tests": [
            {
              "title": "Enter data in all field and click on post button",
              "fullTitle": "Post Question Enter data in all field and click on post button",
              "timedOut": null,
              "duration": 35318,
              "state": "passed",
              "speed": "slow",
              "pass": true,
              "fail": false,
              "pending": false,
              "context": null,
              "code": "loginPage.enterUserNamePassword(this.data001.userName, this.data001.passWord);\npostQuestion.clickAskQuestion();\npostQuestion.fillAskQuestionWithValidData(this.data003.topic, this.data003.topicvalue, this.data003.title, this.data003.description, this.data003.questionsavedmsg);\nloginPage.clickLogout();",
              "err": {},
              "uuid": "f891c59b-70ec-4159-a51b-fa2af25ddcdf",
              "parentUUID": "b70a3ba2-de0e-4733-a98b-17c67323e283",
              "isHook": false,
              "skipped": false
            },
            {
              "title": "To verify when user keep description field blank and click on post button",
              "fullTitle": "Post Question To verify when user keep description field blank and click on post button",
              "timedOut": null,
              "duration": 10394,
              "state": "passed",
              "speed": "slow",
              "pass": true,
              "fail": false,
              "pending": false,
              "context": null,
              "code": "loginPage.enterUserNamePassword(this.data001.userName, this.data001.passWord);\npostQuestion.clickAskQuestion();\npostQuestion.fillAskQuestionWithInValidData(this.data003.keepdescriptionblankmsg);\nloginPage.clickLogout();",
              "err": {},
              "uuid": "56ce302c-6c7e-43c1-87fa-5904dfa5180d",
              "parentUUID": "b70a3ba2-de0e-4733-a98b-17c67323e283",
              "isHook": false,
              "skipped": false
            }
          ],
          "suites": [],
          "passes": [
            "f891c59b-70ec-4159-a51b-fa2af25ddcdf",
            "56ce302c-6c7e-43c1-87fa-5904dfa5180d"
          ],
          "failures": [],
          "pending": [],
          "skipped": [],
          "duration": 45712,
          "root": false,
          "rootEmpty": false,
          "_timeout": 2000
        }
      ],
      "passes": [],
      "failures": [],
      "pending": [],
      "skipped": [],
      "duration": 0,
      "root": true,
      "rootEmpty": true,
      "_timeout": 2000
    }
  ],
  "meta": {
    "mocha": {
      "version": "5.2.0"
    },
    "mochawesome": {
      "options": {
        "quiet": false,
        "reportFilename": "mochawesome",
        "saveHtml": false,
        "saveJson": true,
        "consoleReporter": "spec",
        "useInlineDiffs": false
      },
      "version": "4.1.0"
    },
    "marge": {
      "options": {
        "reportDir": "cypress/reports/mocha",
        "overwrite": false,
        "html": false,
        "json": true,
        "timestamp": "mmddyyy_HHMMss"
      },
      "version": "4.1.0"
    }
  }
}