{
  "stats": {
    "suites": 1,
    "tests": 2,
    "passes": 2,
    "pending": 0,
    "failures": 0,
    "start": "2020-04-11T14:56:26.535Z",
    "end": "2020-04-11T14:56:50.001Z",
    "duration": 23466,
    "testsRegistered": 2,
    "passPercent": 100,
    "pendingPercent": 0,
    "other": 0,
    "hasOther": false,
    "skipped": 0,
    "hasSkipped": false
  },
  "results": [
    {
      "uuid": "9559d3bc-5cbd-4571-a98d-bbc9e5a003a3",
      "title": "",
      "fullFile": "cypress\\integration\\letsShare\\askQuestion\\loginpage.spec3.js",
      "file": "cypress\\integration\\letsShare\\askQuestion\\loginpage.spec3.js",
      "beforeHooks": [],
      "afterHooks": [],
      "tests": [],
      "suites": [
        {
          "uuid": "1b78e059-516d-4621-8769-1c7dc0003b34",
          "title": "Ask Question-Test Suite",
          "fullFile": "",
          "file": "",
          "beforeHooks": [],
          "afterHooks": [],
          "tests": [
            {
              "title": "Ask Question -into the application with valid crediential",
              "fullTitle": "Ask Question-Test Suite Ask Question -into the application with valid crediential",
              "timedOut": null,
              "duration": 14796,
              "state": "passed",
              "speed": "slow",
              "pass": true,
              "fail": false,
              "pending": false,
              "context": null,
              "code": "loginPage.enterUserNamePassword(this.data001.userName, this.data001.passWord);\nloginPage.verifyHomePageText(this.data001.homepageheadertext);\nloginPage.clickLogout();",
              "err": {},
              "uuid": "9c42b5a2-d1fc-4f6a-a0c2-9ccfd592598b",
              "parentUUID": "1b78e059-516d-4621-8769-1c7dc0003b34",
              "isHook": false,
              "skipped": false
            },
            {
              "title": "Ask Question - into the application with Invalid crediential",
              "fullTitle": "Ask Question-Test Suite Ask Question - into the application with Invalid crediential",
              "timedOut": null,
              "duration": 2801,
              "state": "passed",
              "speed": "slow",
              "pass": true,
              "fail": false,
              "pending": false,
              "context": null,
              "code": "loginPage.enterUserNamePassword(this.data002.userName, this.data002.passWord);\nloginPage.verifyHomePageText(this.data002.invalidusernamepasswordtext);",
              "err": {},
              "uuid": "71782cbf-00a2-4772-b3a0-f02f820c2b35",
              "parentUUID": "1b78e059-516d-4621-8769-1c7dc0003b34",
              "isHook": false,
              "skipped": false
            }
          ],
          "suites": [],
          "passes": [
            "9c42b5a2-d1fc-4f6a-a0c2-9ccfd592598b",
            "71782cbf-00a2-4772-b3a0-f02f820c2b35"
          ],
          "failures": [],
          "pending": [],
          "skipped": [],
          "duration": 17597,
          "root": false,
          "rootEmpty": false,
          "_timeout": 2000
        }
      ],
      "passes": [],
      "failures": [],
      "pending": [],
      "skipped": [],
      "duration": 0,
      "root": true,
      "rootEmpty": true,
      "_timeout": 2000
    }
  ],
  "meta": {
    "mocha": {
      "version": "5.2.0"
    },
    "mochawesome": {
      "options": {
        "quiet": false,
        "reportFilename": "mochawesome",
        "saveHtml": false,
        "saveJson": true,
        "consoleReporter": "spec",
        "useInlineDiffs": false
      },
      "version": "4.1.0"
    },
    "marge": {
      "options": {
        "reportDir": "cypress/reports/mocha",
        "overwrite": false,
        "html": false,
        "json": true,
        "timestamp": "mmddyyy_HHMMss"
      },
      "version": "4.1.0"
    }
  }
}