{
  "stats": {
    "suites": 1,
    "tests": 2,
    "passes": 2,
    "pending": 0,
    "failures": 0,
    "start": "2020-04-10T14:15:24.952Z",
    "end": "2020-04-10T14:15:46.044Z",
    "duration": 21092,
    "testsRegistered": 2,
    "passPercent": 100,
    "pendingPercent": 0,
    "other": 0,
    "hasOther": false,
    "skipped": 0,
    "hasSkipped": false
  },
  "results": [
    {
      "uuid": "8ab1b71d-78a1-44b9-8c14-cd6f2fd5dfd9",
      "title": "",
      "fullFile": "cypress\\integration\\letsShare\\login\\loginpage.spec.js",
      "file": "cypress\\integration\\letsShare\\login\\loginpage.spec.js",
      "beforeHooks": [],
      "afterHooks": [],
      "tests": [],
      "suites": [
        {
          "uuid": "cc115550-1322-4680-965f-200a977c9849",
          "title": "Login - Test Suite",
          "fullFile": "",
          "file": "",
          "beforeHooks": [],
          "afterHooks": [],
          "tests": [
            {
              "title": "Login into the application with valid crediential",
              "fullTitle": "Login - Test Suite Login into the application with valid crediential",
              "timedOut": null,
              "duration": 13560,
              "state": "passed",
              "speed": "slow",
              "pass": true,
              "fail": false,
              "pending": false,
              "context": null,
              "code": "loginPage.enetURL();\nloginPage.enterUserNamePassword(this.data001.userName, this.data001.passWord);\nloginPage.verifyHomePageText(this.data001.homepageheadertext);\nloginPage.clickLogout();",
              "err": {},
              "uuid": "77cc97b6-2e60-4349-a845-85927fa9cb3f",
              "parentUUID": "cc115550-1322-4680-965f-200a977c9849",
              "isHook": false,
              "skipped": false
            },
            {
              "title": "Login into the application with Invalid crediential",
              "fullTitle": "Login - Test Suite Login into the application with Invalid crediential",
              "timedOut": null,
              "duration": 2727,
              "state": "passed",
              "speed": "slow",
              "pass": true,
              "fail": false,
              "pending": false,
              "context": null,
              "code": "loginPage.enetURL();\nloginPage.enterUserNamePassword(this.data002.userName, this.data002.passWord);\nloginPage.verifyHomePageText(this.data002.invalidusernamepasswordtext);",
              "err": {},
              "uuid": "da2695c3-b0bc-4808-85e6-14d25fa08250",
              "parentUUID": "cc115550-1322-4680-965f-200a977c9849",
              "isHook": false,
              "skipped": false
            }
          ],
          "suites": [],
          "passes": [
            "77cc97b6-2e60-4349-a845-85927fa9cb3f",
            "da2695c3-b0bc-4808-85e6-14d25fa08250"
          ],
          "failures": [],
          "pending": [],
          "skipped": [],
          "duration": 16287,
          "root": false,
          "rootEmpty": false,
          "_timeout": 2000
        }
      ],
      "passes": [],
      "failures": [],
      "pending": [],
      "skipped": [],
      "duration": 0,
      "root": true,
      "rootEmpty": true,
      "_timeout": 2000
    }
  ],
  "meta": {
    "mocha": {
      "version": "5.2.0"
    },
    "mochawesome": {
      "options": {
        "quiet": false,
        "reportFilename": "mochawesome",
        "saveHtml": false,
        "saveJson": true,
        "consoleReporter": "spec",
        "useInlineDiffs": false
      },
      "version": "4.1.0"
    },
    "marge": {
      "options": {
        "reportDir": "cypress/reports/mocha",
        "overwrite": false,
        "html": false,
        "json": true,
        "timestamp": "mmddyyy_HHMMss"
      },
      "version": "4.1.0"
    }
  }
}