{
  "stats": {
    "suites": 1,
    "tests": 2,
    "passes": 2,
    "pending": 0,
    "failures": 0,
    "start": "2020-04-21T08:01:26.657Z",
    "end": "2020-04-21T08:01:36.611Z",
    "duration": 9954,
    "testsRegistered": 2,
    "passPercent": 100,
    "pendingPercent": 0,
    "other": 0,
    "hasOther": false,
    "skipped": 0,
    "hasSkipped": false
  },
  "results": [
    {
      "uuid": "ead1fc24-eab2-4438-ad6f-0300d28da8a9",
      "title": "",
      "fullFile": "cypress\\integration\\letsShare\\login\\loginpage.spec.js",
      "file": "cypress\\integration\\letsShare\\login\\loginpage.spec.js",
      "beforeHooks": [],
      "afterHooks": [],
      "tests": [],
      "suites": [
        {
          "uuid": "1e142b3c-e032-48fd-8f5d-7b70604c68f5",
          "title": "Login - Test Suite",
          "fullFile": "",
          "file": "",
          "beforeHooks": [],
          "afterHooks": [],
          "tests": [
            {
              "title": "Login into the application with valid crediential",
              "fullTitle": "Login - Test Suite Login into the application with valid crediential",
              "timedOut": null,
              "duration": 6497,
              "state": "passed",
              "speed": "slow",
              "pass": true,
              "fail": false,
              "pending": false,
              "context": null,
              "code": "loginPage.enterUserNamePassword(this.data001.userName, this.data001.passWord);\nloginPage.verifyHomePageText(this.data001.homepageheadertext);\nloginPage.clickLogout();",
              "err": {},
              "uuid": "ae5dd748-2ce1-47d6-a3cf-dbe0b147aaa6",
              "parentUUID": "1e142b3c-e032-48fd-8f5d-7b70604c68f5",
              "isHook": false,
              "skipped": false
            },
            {
              "title": "Login into the application with Invalid crediential",
              "fullTitle": "Login - Test Suite Login into the application with Invalid crediential",
              "timedOut": null,
              "duration": 1507,
              "state": "passed",
              "speed": "slow",
              "pass": true,
              "fail": false,
              "pending": false,
              "context": null,
              "code": "loginPage.enterUserNamePassword(this.data002.userName, this.data002.passWord);\nloginPage.verifyHomePageText(this.data002.invalidusernamepasswordtext);",
              "err": {},
              "uuid": "ac247788-547f-404f-bbcb-84dccbfa0195",
              "parentUUID": "1e142b3c-e032-48fd-8f5d-7b70604c68f5",
              "isHook": false,
              "skipped": false
            }
          ],
          "suites": [],
          "passes": [
            "ae5dd748-2ce1-47d6-a3cf-dbe0b147aaa6",
            "ac247788-547f-404f-bbcb-84dccbfa0195"
          ],
          "failures": [],
          "pending": [],
          "skipped": [],
          "duration": 8004,
          "root": false,
          "rootEmpty": false,
          "_timeout": 2000
        }
      ],
      "passes": [],
      "failures": [],
      "pending": [],
      "skipped": [],
      "duration": 0,
      "root": true,
      "rootEmpty": true,
      "_timeout": 2000
    }
  ],
  "meta": {
    "mocha": {
      "version": "5.2.0"
    },
    "mochawesome": {
      "options": {
        "quiet": false,
        "reportFilename": "mochawesome",
        "saveHtml": false,
        "saveJson": true,
        "consoleReporter": "spec",
        "useInlineDiffs": false
      },
      "version": "4.1.0"
    },
    "marge": {
      "options": {
        "reportDir": "cypress/reports/mocha",
        "overwrite": false,
        "html": false,
        "json": true,
        "timestamp": "mmddyyy_HHMMss"
      },
      "version": "4.1.0"
    }
  }
}