{
  "stats": {
    "suites": 1,
    "tests": 2,
    "passes": 2,
    "pending": 0,
    "failures": 0,
    "start": "2020-04-15T06:26:25.900Z",
    "end": "2020-04-15T06:26:47.134Z",
    "duration": 21234,
    "testsRegistered": 2,
    "passPercent": 100,
    "pendingPercent": 0,
    "other": 0,
    "hasOther": false,
    "skipped": 0,
    "hasSkipped": false
  },
  "results": [
    {
      "uuid": "54fb168d-a41c-475a-a51a-d18befddc6c6",
      "title": "",
      "fullFile": "cypress\\integration\\letsShare\\login\\loginpage.js",
      "file": "cypress\\integration\\letsShare\\login\\loginpage.js",
      "beforeHooks": [],
      "afterHooks": [],
      "tests": [],
      "suites": [
        {
          "uuid": "7774c4ff-0feb-4ede-bab0-c5711a0b1d8a",
          "title": "Login - Test Suite",
          "fullFile": "",
          "file": "",
          "beforeHooks": [],
          "afterHooks": [],
          "tests": [
            {
              "title": "Login into the application with valid crediential",
              "fullTitle": "Login - Test Suite Login into the application with valid crediential",
              "timedOut": null,
              "duration": 13150,
              "state": "passed",
              "speed": "slow",
              "pass": true,
              "fail": false,
              "pending": false,
              "context": null,
              "code": "loginPage.enterUserNamePassword(this.data001.userName, this.data001.passWord);\nloginPage.verifyHomePageText(this.data001.homepageheadertext);\nloginPage.clickLogout();",
              "err": {},
              "uuid": "610f0071-09b4-4e14-86d3-792ed18d9e5b",
              "parentUUID": "7774c4ff-0feb-4ede-bab0-c5711a0b1d8a",
              "isHook": false,
              "skipped": false
            },
            {
              "title": "Login into the application with Invalid crediential",
              "fullTitle": "Login - Test Suite Login into the application with Invalid crediential",
              "timedOut": null,
              "duration": 3501,
              "state": "passed",
              "speed": "slow",
              "pass": true,
              "fail": false,
              "pending": false,
              "context": null,
              "code": "loginPage.enterUserNamePassword(this.data002.userName, this.data002.passWord);\nloginPage.verifyHomePageText(this.data002.invalidusernamepasswordtext);",
              "err": {},
              "uuid": "de3b6957-f467-4b9a-853c-ff19127a9701",
              "parentUUID": "7774c4ff-0feb-4ede-bab0-c5711a0b1d8a",
              "isHook": false,
              "skipped": false
            }
          ],
          "suites": [],
          "passes": [
            "610f0071-09b4-4e14-86d3-792ed18d9e5b",
            "de3b6957-f467-4b9a-853c-ff19127a9701"
          ],
          "failures": [],
          "pending": [],
          "skipped": [],
          "duration": 16651,
          "root": false,
          "rootEmpty": false,
          "_timeout": 2000
        }
      ],
      "passes": [],
      "failures": [],
      "pending": [],
      "skipped": [],
      "duration": 0,
      "root": true,
      "rootEmpty": true,
      "_timeout": 2000
    }
  ],
  "meta": {
    "mocha": {
      "version": "5.2.0"
    },
    "mochawesome": {
      "options": {
        "quiet": false,
        "reportFilename": "mochawesome",
        "saveHtml": false,
        "saveJson": true,
        "consoleReporter": "spec",
        "useInlineDiffs": false
      },
      "version": "4.1.0"
    },
    "marge": {
      "options": {
        "reportDir": "cypress/reports/mocha",
        "overwrite": false,
        "html": false,
        "json": true,
        "timestamp": "mmddyyy_HHMMss"
      },
      "version": "4.1.0"
    }
  }
}