{
  "stats": {
    "suites": 1,
    "tests": 2,
    "passes": 2,
    "pending": 0,
    "failures": 0,
    "start": "2020-04-13T07:47:53.095Z",
    "end": "2020-04-13T07:48:11.522Z",
    "duration": 18427,
    "testsRegistered": 2,
    "passPercent": 100,
    "pendingPercent": 0,
    "other": 0,
    "hasOther": false,
    "skipped": 0,
    "hasSkipped": false
  },
  "results": [
    {
      "uuid": "7ef3055d-ff9c-4190-bb61-271ba845357e",
      "title": "",
      "fullFile": "cypress\\integration\\letsShare\\askQuestion\\loginpage.spec3.js",
      "file": "cypress\\integration\\letsShare\\askQuestion\\loginpage.spec3.js",
      "beforeHooks": [],
      "afterHooks": [],
      "tests": [],
      "suites": [
        {
          "uuid": "baad0384-de5e-4586-9f1e-b0ef1eb39a90",
          "title": "Ask Question-Test Suite",
          "fullFile": "",
          "file": "",
          "beforeHooks": [],
          "afterHooks": [],
          "tests": [
            {
              "title": "Ask Question -into the application with valid crediential",
              "fullTitle": "Ask Question-Test Suite Ask Question -into the application with valid crediential",
              "timedOut": null,
              "duration": 11623,
              "state": "passed",
              "speed": "slow",
              "pass": true,
              "fail": false,
              "pending": false,
              "context": null,
              "code": "loginPage.enterUserNamePassword(this.data001.userName, this.data001.passWord);\nloginPage.verifyHomePageText(this.data001.homepageheadertext);\nloginPage.clickLogout();",
              "err": {},
              "uuid": "5602facc-28a7-454c-bdb4-967b080cd697",
              "parentUUID": "baad0384-de5e-4586-9f1e-b0ef1eb39a90",
              "isHook": false,
              "skipped": false
            },
            {
              "title": "Ask Question - into the application with Invalid crediential",
              "fullTitle": "Ask Question-Test Suite Ask Question - into the application with Invalid crediential",
              "timedOut": null,
              "duration": 3828,
              "state": "passed",
              "speed": "slow",
              "pass": true,
              "fail": false,
              "pending": false,
              "context": null,
              "code": "loginPage.enterUserNamePassword(this.data002.userName, this.data002.passWord);\nloginPage.verifyHomePageText(this.data002.invalidusernamepasswordtext);",
              "err": {},
              "uuid": "8de821fb-4c16-424d-bb7c-780cf1659684",
              "parentUUID": "baad0384-de5e-4586-9f1e-b0ef1eb39a90",
              "isHook": false,
              "skipped": false
            }
          ],
          "suites": [],
          "passes": [
            "5602facc-28a7-454c-bdb4-967b080cd697",
            "8de821fb-4c16-424d-bb7c-780cf1659684"
          ],
          "failures": [],
          "pending": [],
          "skipped": [],
          "duration": 15451,
          "root": false,
          "rootEmpty": false,
          "_timeout": 2000
        }
      ],
      "passes": [],
      "failures": [],
      "pending": [],
      "skipped": [],
      "duration": 0,
      "root": true,
      "rootEmpty": true,
      "_timeout": 2000
    }
  ],
  "meta": {
    "mocha": {
      "version": "5.2.0"
    },
    "mochawesome": {
      "options": {
        "quiet": false,
        "reportFilename": "mochawesome",
        "saveHtml": false,
        "saveJson": true,
        "consoleReporter": "spec",
        "useInlineDiffs": false
      },
      "version": "4.1.0"
    },
    "marge": {
      "options": {
        "reportDir": "cypress/reports/mocha",
        "overwrite": false,
        "html": false,
        "json": true,
        "timestamp": "mmddyyy_HHMMss"
      },
      "version": "4.1.0"
    }
  }
}