{
  "stats": {
    "suites": 1,
    "tests": 2,
    "passes": 2,
    "pending": 0,
    "failures": 0,
    "start": "2020-04-13T07:48:17.215Z",
    "end": "2020-04-13T07:48:34.321Z",
    "duration": 17106,
    "testsRegistered": 2,
    "passPercent": 100,
    "pendingPercent": 0,
    "other": 0,
    "hasOther": false,
    "skipped": 0,
    "hasSkipped": false
  },
  "results": [
    {
      "uuid": "a847f370-5f38-4b48-bda5-050539496069",
      "title": "",
      "fullFile": "cypress\\integration\\letsShare\\login\\loginpage.spec.js",
      "file": "cypress\\integration\\letsShare\\login\\loginpage.spec.js",
      "beforeHooks": [],
      "afterHooks": [],
      "tests": [],
      "suites": [
        {
          "uuid": "088be77c-b144-40ed-ba0b-b54dff31528b",
          "title": "Login - Test Suite",
          "fullFile": "",
          "file": "",
          "beforeHooks": [],
          "afterHooks": [],
          "tests": [
            {
              "title": "Login into the application with valid crediential",
              "fullTitle": "Login - Test Suite Login into the application with valid crediential",
              "timedOut": null,
              "duration": 11510,
              "state": "passed",
              "speed": "slow",
              "pass": true,
              "fail": false,
              "pending": false,
              "context": null,
              "code": "loginPage.enterUserNamePassword(this.data001.userName, this.data001.passWord);\nloginPage.verifyHomePageText(this.data001.homepageheadertext);\nloginPage.clickLogout();",
              "err": {},
              "uuid": "80d8a18e-f165-4356-aa38-1c3e1a5917a1",
              "parentUUID": "088be77c-b144-40ed-ba0b-b54dff31528b",
              "isHook": false,
              "skipped": false
            },
            {
              "title": "Login into the application with Invalid crediential",
              "fullTitle": "Login - Test Suite Login into the application with Invalid crediential",
              "timedOut": null,
              "duration": 3588,
              "state": "passed",
              "speed": "slow",
              "pass": true,
              "fail": false,
              "pending": false,
              "context": null,
              "code": "loginPage.enterUserNamePassword(this.data002.userName, this.data002.passWord);\nloginPage.verifyHomePageText(this.data002.invalidusernamepasswordtext);",
              "err": {},
              "uuid": "3266895e-3518-4323-9d40-8b1d29df9915",
              "parentUUID": "088be77c-b144-40ed-ba0b-b54dff31528b",
              "isHook": false,
              "skipped": false
            }
          ],
          "suites": [],
          "passes": [
            "80d8a18e-f165-4356-aa38-1c3e1a5917a1",
            "3266895e-3518-4323-9d40-8b1d29df9915"
          ],
          "failures": [],
          "pending": [],
          "skipped": [],
          "duration": 15098,
          "root": false,
          "rootEmpty": false,
          "_timeout": 2000
        }
      ],
      "passes": [],
      "failures": [],
      "pending": [],
      "skipped": [],
      "duration": 0,
      "root": true,
      "rootEmpty": true,
      "_timeout": 2000
    }
  ],
  "meta": {
    "mocha": {
      "version": "5.2.0"
    },
    "mochawesome": {
      "options": {
        "quiet": false,
        "reportFilename": "mochawesome",
        "saveHtml": false,
        "saveJson": true,
        "consoleReporter": "spec",
        "useInlineDiffs": false
      },
      "version": "4.1.0"
    },
    "marge": {
      "options": {
        "reportDir": "cypress/reports/mocha",
        "overwrite": false,
        "html": false,
        "json": true,
        "timestamp": "mmddyyy_HHMMss"
      },
      "version": "4.1.0"
    }
  }
}