{
  "stats": {
    "suites": 1,
    "tests": 2,
    "passes": 2,
    "pending": 0,
    "failures": 0,
    "start": "2020-04-10T10:01:07.651Z",
    "end": "2020-04-10T10:01:31.891Z",
    "duration": 24240,
    "testsRegistered": 2,
    "passPercent": 100,
    "pendingPercent": 0,
    "other": 0,
    "hasOther": false,
    "skipped": 0,
    "hasSkipped": false
  },
  "results": [
    {
      "uuid": "4fdfae90-927e-4aa0-9502-ad7af09b0766",
      "title": "",
      "fullFile": "cypress\\integration\\letsShare\\signup\\loginpage.spec.js",
      "file": "cypress\\integration\\letsShare\\signup\\loginpage.spec.js",
      "beforeHooks": [],
      "afterHooks": [],
      "tests": [],
      "suites": [
        {
          "uuid": "3d07547c-a355-431e-bb90-b2a5f53c9ddf",
          "title": "Login -Test Suite",
          "fullFile": "",
          "file": "",
          "beforeHooks": [],
          "afterHooks": [],
          "tests": [
            {
              "title": "Login into the application with valid crediential",
              "fullTitle": "Login -Test Suite Login into the application with valid crediential",
              "timedOut": null,
              "duration": 13686,
              "state": "passed",
              "speed": "slow",
              "pass": true,
              "fail": false,
              "pending": false,
              "context": null,
              "code": "loginPage.enetURL();\nloginPage.enterUserNamePassword(this.data001.userName, this.data001.passWord);\nloginPage.verifyHomePageText(this.data001.homepageheadertext);\nloginPage.clickLogout();",
              "err": {},
              "uuid": "40947d4c-2073-4cf5-8e59-fb4b2fb3b8bd",
              "parentUUID": "3d07547c-a355-431e-bb90-b2a5f53c9ddf",
              "isHook": false,
              "skipped": false
            },
            {
              "title": "Login into the application with Invalid crediential",
              "fullTitle": "Login -Test Suite Login into the application with Invalid crediential",
              "timedOut": null,
              "duration": 4935,
              "state": "passed",
              "speed": "slow",
              "pass": true,
              "fail": false,
              "pending": false,
              "context": null,
              "code": "loginPage.enetURL();\nloginPage.enterUserNamePassword(this.data002.userName, this.data002.passWord);\nloginPage.verifyHomePageText(this.data002.invalidusernamepasswordtext);",
              "err": {},
              "uuid": "f5216a62-ade7-4e9f-bdb8-c32ada21c3fd",
              "parentUUID": "3d07547c-a355-431e-bb90-b2a5f53c9ddf",
              "isHook": false,
              "skipped": false
            }
          ],
          "suites": [],
          "passes": [
            "40947d4c-2073-4cf5-8e59-fb4b2fb3b8bd",
            "f5216a62-ade7-4e9f-bdb8-c32ada21c3fd"
          ],
          "failures": [],
          "pending": [],
          "skipped": [],
          "duration": 18621,
          "root": false,
          "rootEmpty": false,
          "_timeout": 2000
        }
      ],
      "passes": [],
      "failures": [],
      "pending": [],
      "skipped": [],
      "duration": 0,
      "root": true,
      "rootEmpty": true,
      "_timeout": 2000
    }
  ],
  "meta": {
    "mocha": {
      "version": "5.2.0"
    },
    "mochawesome": {
      "options": {
        "quiet": false,
        "reportFilename": "mochawesome",
        "saveHtml": false,
        "saveJson": true,
        "consoleReporter": "spec",
        "useInlineDiffs": false
      },
      "version": "4.1.0"
    },
    "marge": {
      "options": {
        "reportDir": "cypress/reports/mocha",
        "overwrite": false,
        "html": false,
        "json": true,
        "timestamp": "mmddyyy_HHMMss"
      },
      "version": "4.1.0"
    }
  }
}