{
  "stats": {
    "suites": 1,
    "tests": 2,
    "passes": 2,
    "pending": 0,
    "failures": 0,
    "start": "2020-04-15T06:25:31.166Z",
    "end": "2020-04-15T06:26:05.101Z",
    "duration": 33935,
    "testsRegistered": 2,
    "passPercent": 100,
    "pendingPercent": 0,
    "other": 0,
    "hasOther": false,
    "skipped": 0,
    "hasSkipped": false
  },
  "results": [
    {
      "uuid": "2192ab9e-59f8-42f7-857b-05319336a5ef",
      "title": "",
      "fullFile": "cypress\\integration\\letsShare\\askQuestion\\postquestion.js",
      "file": "cypress\\integration\\letsShare\\askQuestion\\postquestion.js",
      "beforeHooks": [],
      "afterHooks": [],
      "tests": [],
      "suites": [
        {
          "uuid": "27c9c1dc-5e24-4b8c-b64b-c38e5633a1af",
          "title": "Post Question",
          "fullFile": "",
          "file": "",
          "beforeHooks": [],
          "afterHooks": [],
          "tests": [
            {
              "title": "Enter data in all field and click on post button",
              "fullTitle": "Post Question Enter data in all field and click on post button",
              "timedOut": null,
              "duration": 22631,
              "state": "passed",
              "speed": "slow",
              "pass": true,
              "fail": false,
              "pending": false,
              "context": null,
              "code": "loginPage.enterUserNamePassword(this.data001.userName, this.data001.passWord);\npostQuestion.clickAskQuestion();\npostQuestion.fillAskQuestionWithValidData(this.data003.topic, this.data003.topicvalue, this.data003.title, this.data003.description, this.data003.questionsavedmsg);\nloginPage.clickLogout();",
              "err": {},
              "uuid": "fbefeef3-f055-40a1-9527-135eebcf3bf4",
              "parentUUID": "27c9c1dc-5e24-4b8c-b64b-c38e5633a1af",
              "isHook": false,
              "skipped": false
            },
            {
              "title": "To verify when user keep description field blank and click on post button",
              "fullTitle": "Post Question To verify when user keep description field blank and click on post button",
              "timedOut": null,
              "duration": 5152,
              "state": "passed",
              "speed": "slow",
              "pass": true,
              "fail": false,
              "pending": false,
              "context": null,
              "code": "loginPage.enterUserNamePassword(this.data001.userName, this.data001.passWord);\npostQuestion.clickAskQuestion();\npostQuestion.fillAskQuestionWithInValidData(this.data003.keepdescriptionblankmsg);\nloginPage.clickLogout();",
              "err": {},
              "uuid": "9f6a5556-7aa9-4263-8497-f96b74220d9d",
              "parentUUID": "27c9c1dc-5e24-4b8c-b64b-c38e5633a1af",
              "isHook": false,
              "skipped": false
            }
          ],
          "suites": [],
          "passes": [
            "fbefeef3-f055-40a1-9527-135eebcf3bf4",
            "9f6a5556-7aa9-4263-8497-f96b74220d9d"
          ],
          "failures": [],
          "pending": [],
          "skipped": [],
          "duration": 27783,
          "root": false,
          "rootEmpty": false,
          "_timeout": 2000
        }
      ],
      "passes": [],
      "failures": [],
      "pending": [],
      "skipped": [],
      "duration": 0,
      "root": true,
      "rootEmpty": true,
      "_timeout": 2000
    }
  ],
  "meta": {
    "mocha": {
      "version": "5.2.0"
    },
    "mochawesome": {
      "options": {
        "quiet": false,
        "reportFilename": "mochawesome",
        "saveHtml": false,
        "saveJson": true,
        "consoleReporter": "spec",
        "useInlineDiffs": false
      },
      "version": "4.1.0"
    },
    "marge": {
      "options": {
        "reportDir": "cypress/reports/mocha",
        "overwrite": false,
        "html": false,
        "json": true,
        "timestamp": "mmddyyy_HHMMss"
      },
      "version": "4.1.0"
    }
  }
}