{
  "stats": {
    "suites": 3,
    "tests": 6,
    "passes": 6,
    "pending": 0,
    "failures": 0,
    "start": "2020-04-15T06:27:38.615Z",
    "end": "2020-04-15T06:27:38.616Z",
    "duration": 60399,
    "testsRegistered": 6,
    "passPercent": 100,
    "pendingPercent": 0,
    "other": 0,
    "hasOther": false,
    "skipped": 0,
    "hasSkipped": false
  },
  "results": [
    {
      "uuid": "2192ab9e-59f8-42f7-857b-05319336a5ef",
      "title": "",
      "fullFile": "cypress\\integration\\letsShare\\askQuestion\\postquestion.js",
      "file": "cypress\\integration\\letsShare\\askQuestion\\postquestion.js",
      "beforeHooks": [],
      "afterHooks": [],
      "tests": [],
      "suites": [
        {
          "uuid": "27c9c1dc-5e24-4b8c-b64b-c38e5633a1af",
          "title": "Post Question",
          "fullFile": "",
          "file": "",
          "beforeHooks": [],
          "afterHooks": [],
          "tests": [
            {
              "title": "Enter data in all field and click on post button",
              "fullTitle": "Post Question Enter data in all field and click on post button",
              "timedOut": null,
              "duration": 22631,
              "state": "passed",
              "speed": "slow",
              "pass": true,
              "fail": false,
              "pending": false,
              "context": null,
              "code": "loginPage.enterUserNamePassword(this.data001.userName, this.data001.passWord);\npostQuestion.clickAskQuestion();\npostQuestion.fillAskQuestionWithValidData(this.data003.topic, this.data003.topicvalue, this.data003.title, this.data003.description, this.data003.questionsavedmsg);\nloginPage.clickLogout();",
              "err": {},
              "uuid": "fbefeef3-f055-40a1-9527-135eebcf3bf4",
              "parentUUID": "27c9c1dc-5e24-4b8c-b64b-c38e5633a1af",
              "isHook": false,
              "skipped": false
            },
            {
              "title": "To verify when user keep description field blank and click on post button",
              "fullTitle": "Post Question To verify when user keep description field blank and click on post button",
              "timedOut": null,
              "duration": 5152,
              "state": "passed",
              "speed": "slow",
              "pass": true,
              "fail": false,
              "pending": false,
              "context": null,
              "code": "loginPage.enterUserNamePassword(this.data001.userName, this.data001.passWord);\npostQuestion.clickAskQuestion();\npostQuestion.fillAskQuestionWithInValidData(this.data003.keepdescriptionblankmsg);\nloginPage.clickLogout();",
              "err": {},
              "uuid": "9f6a5556-7aa9-4263-8497-f96b74220d9d",
              "parentUUID": "27c9c1dc-5e24-4b8c-b64b-c38e5633a1af",
              "isHook": false,
              "skipped": false
            }
          ],
          "suites": [],
          "passes": [
            "fbefeef3-f055-40a1-9527-135eebcf3bf4",
            "9f6a5556-7aa9-4263-8497-f96b74220d9d"
          ],
          "failures": [],
          "pending": [],
          "skipped": [],
          "duration": 27783,
          "root": false,
          "rootEmpty": false,
          "_timeout": 2000
        }
      ],
      "passes": [],
      "failures": [],
      "pending": [],
      "skipped": [],
      "duration": 0,
      "root": true,
      "rootEmpty": true,
      "_timeout": 2000
    },
    {
      "uuid": "54fb168d-a41c-475a-a51a-d18befddc6c6",
      "title": "",
      "fullFile": "cypress\\integration\\letsShare\\login\\loginpage.js",
      "file": "cypress\\integration\\letsShare\\login\\loginpage.js",
      "beforeHooks": [],
      "afterHooks": [],
      "tests": [],
      "suites": [
        {
          "uuid": "7774c4ff-0feb-4ede-bab0-c5711a0b1d8a",
          "title": "Login - Test Suite",
          "fullFile": "",
          "file": "",
          "beforeHooks": [],
          "afterHooks": [],
          "tests": [
            {
              "title": "Login into the application with valid crediential",
              "fullTitle": "Login - Test Suite Login into the application with valid crediential",
              "timedOut": null,
              "duration": 13150,
              "state": "passed",
              "speed": "slow",
              "pass": true,
              "fail": false,
              "pending": false,
              "context": null,
              "code": "loginPage.enterUserNamePassword(this.data001.userName, this.data001.passWord);\nloginPage.verifyHomePageText(this.data001.homepageheadertext);\nloginPage.clickLogout();",
              "err": {},
              "uuid": "610f0071-09b4-4e14-86d3-792ed18d9e5b",
              "parentUUID": "7774c4ff-0feb-4ede-bab0-c5711a0b1d8a",
              "isHook": false,
              "skipped": false
            },
            {
              "title": "Login into the application with Invalid crediential",
              "fullTitle": "Login - Test Suite Login into the application with Invalid crediential",
              "timedOut": null,
              "duration": 3501,
              "state": "passed",
              "speed": "slow",
              "pass": true,
              "fail": false,
              "pending": false,
              "context": null,
              "code": "loginPage.enterUserNamePassword(this.data002.userName, this.data002.passWord);\nloginPage.verifyHomePageText(this.data002.invalidusernamepasswordtext);",
              "err": {},
              "uuid": "de3b6957-f467-4b9a-853c-ff19127a9701",
              "parentUUID": "7774c4ff-0feb-4ede-bab0-c5711a0b1d8a",
              "isHook": false,
              "skipped": false
            }
          ],
          "suites": [],
          "passes": [
            "610f0071-09b4-4e14-86d3-792ed18d9e5b",
            "de3b6957-f467-4b9a-853c-ff19127a9701"
          ],
          "failures": [],
          "pending": [],
          "skipped": [],
          "duration": 16651,
          "root": false,
          "rootEmpty": false,
          "_timeout": 2000
        }
      ],
      "passes": [],
      "failures": [],
      "pending": [],
      "skipped": [],
      "duration": 0,
      "root": true,
      "rootEmpty": true,
      "_timeout": 2000
    },
    {
      "uuid": "48870e9d-3242-436c-bd05-2c10a9a56725",
      "title": "",
      "fullFile": "cypress\\integration\\letsShare\\signup\\loginpage.js",
      "file": "cypress\\integration\\letsShare\\signup\\loginpage.js",
      "beforeHooks": [],
      "afterHooks": [],
      "tests": [],
      "suites": [
        {
          "uuid": "1556b210-9690-4d8d-ba4c-54f1c3056328",
          "title": "Sign Up -Test Suite",
          "fullFile": "",
          "file": "",
          "beforeHooks": [],
          "afterHooks": [],
          "tests": [
            {
              "title": "Login into the application with valid crediential",
              "fullTitle": "Sign Up -Test Suite Login into the application with valid crediential",
              "timedOut": null,
              "duration": 12596,
              "state": "passed",
              "speed": "slow",
              "pass": true,
              "fail": false,
              "pending": false,
              "context": null,
              "code": "loginPage.enterUserNamePassword(this.data001.userName, this.data001.passWord);\nloginPage.verifyHomePageText(this.data001.homepageheadertext);\nloginPage.clickLogout();",
              "err": {},
              "uuid": "7e7ff7b0-5286-45a8-b691-393221c2b859",
              "parentUUID": "1556b210-9690-4d8d-ba4c-54f1c3056328",
              "isHook": false,
              "skipped": false
            },
            {
              "title": "Login into the application with Invalid crediential",
              "fullTitle": "Sign Up -Test Suite Login into the application with Invalid crediential",
              "timedOut": null,
              "duration": 3369,
              "state": "passed",
              "speed": "slow",
              "pass": true,
              "fail": false,
              "pending": false,
              "context": null,
              "code": "loginPage.enterUserNamePassword(this.data002.userName, this.data002.passWord);\nloginPage.verifyHomePageText(this.data002.invalidusernamepasswordtext);",
              "err": {},
              "uuid": "0a5058ad-5c65-4298-9bed-bd85dcddd814",
              "parentUUID": "1556b210-9690-4d8d-ba4c-54f1c3056328",
              "isHook": false,
              "skipped": false
            }
          ],
          "suites": [],
          "passes": [
            "7e7ff7b0-5286-45a8-b691-393221c2b859",
            "0a5058ad-5c65-4298-9bed-bd85dcddd814"
          ],
          "failures": [],
          "pending": [],
          "skipped": [],
          "duration": 15965,
          "root": false,
          "rootEmpty": false,
          "_timeout": 2000
        }
      ],
      "passes": [],
      "failures": [],
      "pending": [],
      "skipped": [],
      "duration": 0,
      "root": true,
      "rootEmpty": true,
      "_timeout": 2000
    }
  ],
  "meta": {
    "mocha": {
      "version": "5.2.0"
    },
    "mochawesome": {
      "options": {
        "quiet": false,
        "reportFilename": "mochawesome",
        "saveHtml": false,
        "saveJson": true,
        "consoleReporter": "spec",
        "useInlineDiffs": false
      },
      "version": "4.1.0"
    },
    "marge": {
      "options": {
        "reportDir": "cypress/reports/mocha",
        "overwrite": false,
        "html": false,
        "json": true,
        "timestamp": "mmddyyy_HHMMss"
      },
      "version": "4.1.0"
    }
  }
}